            --------------------------------------------------------
                             AMBER SQM VERSION 19
 
                                     By
              Ross C. Walker, Michael F. Crowley, Scott Brozell,
                         Tim Giese, Andreas W. Goetz,
                        Tai-Sung Lee and David A. Case
 
            --------------------------------------------------------
 

--------------------------------------------------------------------------------
  QM CALCULATION INFO
--------------------------------------------------------------------------------

| QMMM: Citation for AMBER QMMM Run:
| QMMM: R.C. Walker, M.F. Crowley and D.A. Case, J. COMP. CHEM. 29:1019, 2008

QMMM: SINGLET STATE CALCULATION
QMMM: RHF CALCULATION, NO. OF DOUBLY OCCUPIED LEVELS =102

| QMMM: *** Selected Hamiltonian *** 
| QMMM: AM1         

| QMMM: *** Parameter sets in use ***
| QMMM: C : M.J.S.DEWAR et al. JACS, 107, 3902, (1985)
| QMMM: O : M.J.S.DEWAR et al. JACS, 107, 3902, (1985)
| QMMM: S : M.J.S.DEWAR et al. INORG. CHEM., 29, 3881, (1990)
| QMMM: N : M.J.S.DEWAR et al. JACS, 107, 3902, (1985)
| QMMM: F : M.J.S.DEWAR et al. THEOCHEM, 180, 1, (1988)

| QMMM: *** SCF convergence criteria ***
| QMMM: Energy change                :  0.1D-09 kcal/mol
| QMMM: Error matrix |FP-PF|         :  0.1D+00 au
| QMMM: Density matrix change        :  0.5D-06
| QMMM: Maximum number of SCF cycles :     1000

| QMMM: *** Diagonalization Routine Information ***
| QMMM: Pseudo diagonalizations are allowed.
| QMMM: Auto diagonalization routine selection is in use.
| QMMM:
| QMMM: Timing diagonalization routines:
| QMMM:                              norbs =      172
| QMMM:    diag iterations used for timing =        5
| QMMM:
| QMMM:              Internal diag routine = 0.066689 seconds
| QMMM:                 Dspev diag routine = 0.105629 seconds
| QMMM:                Dspevd diag routine = 0.055110 seconds
| QMMM:                Dspevx diag routine = 0.170496 seconds
| QMMM:                 Dsyev diag routine = 0.076101 seconds
| QMMM:                Dsyevd diag routine = 0.025972 seconds
| QMMM:                Dsyevr diag routine = 0.040000 seconds
| QMMM:
| QMMM:                Pseudo diag routine = 0.039950 seconds
| QMMM: Pseudo diagonalization appears to be slower than regular
| QMMM: diagonalization. Setting pseudo_diag=0 for optimum performance.
| QMMM:
| QMMM: Using dsyevd routine (diag_routine=6).

  QMMM: QM Region Cartesian Coordinates (*=link atom) 
  QMMM: QM_NO.   MM_NO.  ATOM         X         Y         Z
  QMMM:     1        1      C      -11.0750  -27.0590   -9.7440
  QMMM:     2        2      C      -16.2260  -29.4870  -13.0090
  QMMM:     3        3      C      -11.9400  -27.5750   -8.7930
  QMMM:     4        4      C      -12.2780  -26.8060   -7.6690
  QMMM:     5        5      C      -11.7400  -25.5260   -7.5200
  QMMM:     6        6      C      -10.5520  -25.7960   -9.5380
  QMMM:     7        7      C      -12.2400  -22.2330  -11.9730
  QMMM:     8        8      C      -14.3670  -27.7920   -7.1410
  QMMM:     9        9      O       -8.4720  -26.0660  -11.1340
  QMMM:    10       10      S       -9.4810  -25.0770  -10.7960
  QMMM:    11       11      N      -10.6510  -24.2780  -11.9780
  QMMM:    12       12      C      -10.8190  -22.8220  -12.0270
  QMMM:    13       13      O      -13.1840  -22.6340  -11.2590
  QMMM:    14       14      O      -12.4720  -21.2560  -12.6950
  QMMM:    15       15      C      -11.5610  -25.0500  -12.9180
  QMMM:    16       16      N      -12.8510  -25.2270  -12.6230
  QMMM:    17       17      C      -13.7120  -25.9350  -13.3760
  QMMM:    18       18      C      -13.2520  -26.5120  -14.5470
  QMMM:    19       19      N      -14.0740  -27.4090  -15.3630
  QMMM:    20       20      C      -14.5390  -27.0500  -16.6810
  QMMM:    21       21      C      -15.8680  -26.4050  -16.9050
  QMMM:    22       22      F      -16.8610  -26.5630  -15.9980
  QMMM:    23       23      F      -15.5690  -25.1060  -17.0970
  QMMM:    24       24      F      -16.2630  -26.9850  -18.0290
  QMMM:    25       25      S      -14.1330  -29.1480  -14.7380
  QMMM:    26       26      O      -12.8420  -29.7500  -14.4670
  QMMM:    27       27      C      -14.8540  -29.3910  -13.0920
  QMMM:    28       28      C      -16.8080  -29.6600  -11.7610
  QMMM:    29       29      C      -16.0050  -29.7640  -10.6400
  QMMM:    30       30      O      -16.6470  -29.9410   -9.4030
  QMMM:    31       31      C      -17.2180  -28.7590   -8.8730
  QMMM:    32       32      C      -14.6240  -29.6420  -10.7440
  QMMM:    33       33      C      -14.0230  -29.4690  -11.9860
  QMMM:    34       34      O      -14.8320  -29.8670  -15.7920
  QMMM:    35       35      C      -11.8830  -26.3650  -14.9020
  QMMM:    36       36      C      -11.0440  -25.6010  -14.1000
  QMMM:    37       37      C       -9.7040  -25.4410  -14.4190
  QMMM:    38       38      C       -9.2280  -26.0370  -15.5750
  QMMM:    39       39      C      -10.0530  -26.7750  -16.3880
  QMMM:    40       40      C      -11.3780  -26.9440  -16.0600
  QMMM:    41       41      C      -10.8690  -25.0210   -8.4610
  QMMM:    42       42      O      -13.1370  -27.3060   -6.6710
  QMMM:    43       43      O       -8.5610  -24.0890  -10.2560

--------------------------------------------------------------------------------
  RESULTS
--------------------------------------------------------------------------------

      iter         sqm energy              rms gradient
      ----    -------------------    -----------------------
xmin    10      914.5104 kcal/mol        7.6790 kcal/(mol*A)
xmin    20      883.7458 kcal/mol        6.6155 kcal/(mol*A)
xmin    30      747.0665 kcal/mol       11.6304 kcal/(mol*A)
xmin    40      719.7116 kcal/mol        5.3323 kcal/(mol*A)
xmin    50      715.4184 kcal/mol        3.0509 kcal/(mol*A)
xmin    60      707.7904 kcal/mol        2.8448 kcal/(mol*A)
xmin    70      701.4084 kcal/mol        3.8132 kcal/(mol*A)
xmin    80      690.5127 kcal/mol        3.8743 kcal/(mol*A)
xmin    90      661.6207 kcal/mol       16.9366 kcal/(mol*A)
xmin   100      568.5726 kcal/mol        2.5569 kcal/(mol*A)
xmin   110      563.5115 kcal/mol        2.1989 kcal/(mol*A)
xmin   120      561.2432 kcal/mol        1.0154 kcal/(mol*A)
xmin   130      560.5172 kcal/mol        1.5069 kcal/(mol*A)
xmin   140      560.3912 kcal/mol        0.3110 kcal/(mol*A)
xmin   150      560.1840 kcal/mol        0.3032 kcal/(mol*A)
xmin   160      559.9873 kcal/mol        0.4799 kcal/(mol*A)
xmin   170      559.9139 kcal/mol        0.1447 kcal/(mol*A)
xmin   180      559.8160 kcal/mol        0.5178 kcal/(mol*A)
xmin   190      559.7542 kcal/mol        0.2525 kcal/(mol*A)
xmin   200      559.7369 kcal/mol        0.1423 kcal/(mol*A)
xmin   210      559.6228 kcal/mol        0.2307 kcal/(mol*A)
xmin   220      559.5893 kcal/mol        0.1242 kcal/(mol*A)
xmin   230      559.5198 kcal/mol        0.5632 kcal/(mol*A)
xmin   240      559.3564 kcal/mol        0.4447 kcal/(mol*A)
xmin   250      559.2994 kcal/mol        0.2969 kcal/(mol*A)
xmin   260      558.9798 kcal/mol        0.6784 kcal/(mol*A)
xmin   270      558.8364 kcal/mol        0.3436 kcal/(mol*A)
xmin   280      558.7781 kcal/mol        0.6362 kcal/(mol*A)
xmin   290      558.4903 kcal/mol        0.6637 kcal/(mol*A)
xmin   300      558.3702 kcal/mol        0.2396 kcal/(mol*A)
xmin   310      558.2799 kcal/mol        0.4854 kcal/(mol*A)
xmin   320      558.2345 kcal/mol        0.2945 kcal/(mol*A)
xmin   330      558.1856 kcal/mol        0.1840 kcal/(mol*A)
xmin   340      558.1598 kcal/mol        0.0976 kcal/(mol*A)
xmin   350      558.1473 kcal/mol        0.1345 kcal/(mol*A)
xmin   360      558.1400 kcal/mol        0.5808 kcal/(mol*A)
xmin   370      558.1246 kcal/mol        0.0317 kcal/(mol*A)
xmin   380      558.1223 kcal/mol        0.0794 kcal/(mol*A)
xmin   390      558.1188 kcal/mol        0.1154 kcal/(mol*A)
xmin   400      558.1156 kcal/mol        0.0287 kcal/(mol*A)
xmin   410      558.1118 kcal/mol        0.0639 kcal/(mol*A)
xmin   420      558.1098 kcal/mol        0.0423 kcal/(mol*A)
xmin   430      558.1092 kcal/mol        0.0832 kcal/(mol*A)
xmin   440      558.1084 kcal/mol        0.0166 kcal/(mol*A)
xmin   450      558.1078 kcal/mol        0.0342 kcal/(mol*A)
xmin   460      558.1068 kcal/mol        0.0542 kcal/(mol*A)
xmin   470      558.1054 kcal/mol        0.0332 kcal/(mol*A)
xmin   480      558.1041 kcal/mol        0.0291 kcal/(mol*A)
xmin   490      558.1040 kcal/mol        0.0185 kcal/(mol*A)
xmin   500      558.1040 kcal/mol        0.0061 kcal/(mol*A)
xmin   510      558.1039 kcal/mol        0.0061 kcal/(mol*A)
xmin   520      558.1037 kcal/mol        0.0165 kcal/(mol*A)
xmin   530      558.1035 kcal/mol        0.0190 kcal/(mol*A)
xmin   540      558.1035 kcal/mol        0.0088 kcal/(mol*A)
xmin   550      558.1034 kcal/mol        0.0043 kcal/(mol*A)
xmin   560      558.1032 kcal/mol        0.0168 kcal/(mol*A)
xmin   570      558.1031 kcal/mol        0.0052 kcal/(mol*A)
xmin   580      558.1030 kcal/mol        0.0049 kcal/(mol*A)
xmin   590      558.1030 kcal/mol        0.0027 kcal/(mol*A)
xmin   600      558.1030 kcal/mol        0.0031 kcal/(mol*A)
xmin   610      558.1029 kcal/mol        0.0081 kcal/(mol*A)
xmin   620      558.1029 kcal/mol        0.0022 kcal/(mol*A)
xmin   630      558.1029 kcal/mol        0.0033 kcal/(mol*A)
xmin   640      558.1029 kcal/mol        0.0012 kcal/(mol*A)
xmin   650      558.1029 kcal/mol        0.0062 kcal/(mol*A)
xmin   660      558.1029 kcal/mol        0.0183 kcal/(mol*A)
xmin   670      558.1029 kcal/mol        0.0014 kcal/(mol*A)
xmin   680      558.1029 kcal/mol        0.0006 kcal/(mol*A)
  ... geometry converged !
 
 Final MO eigenvalues (eV):
 -52.1369  -48.9148  -48.7799  -43.9583  -43.0825  -42.4308  -41.2872  -40.6035
 -40.3836  -40.1300  -39.9298  -39.7702  -39.5888  -39.3240  -39.1117  -38.9042
 -37.9234  -35.0617  -34.1181  -33.6804  -33.2356  -32.7748  -32.5023  -30.9192
 -29.2713  -28.9371  -27.5273  -27.0217  -25.9455  -25.4194  -25.1693  -24.0940
 -23.6034  -23.1044  -22.4417  -22.2040  -21.9327  -21.2717  -20.8934  -20.7232
 -20.1721  -20.0822  -19.7901  -19.7025  -19.6050  -19.3293  -19.0732  -18.5350
 -18.4474  -18.3229  -18.1551  -18.1053  -18.0612  -17.7418  -17.5743  -17.5515
 -17.4750  -17.2071  -17.0025  -16.8151  -16.7215  -16.5281  -16.0693  -15.9197
 -15.8431  -15.6591  -15.5950  -15.4837  -15.2803  -15.1210  -14.9427  -14.8896
 -14.6625  -14.6193  -14.5306  -14.4737  -14.3752  -14.3437  -14.2945  -14.2379
 -14.2145  -14.1635  -14.0311  -13.4875  -12.9851  -12.8750  -12.6574  -12.6412
 -12.6215  -12.5524  -12.1988  -12.1494  -11.9965  -11.9002  -11.7645  -11.4703
 -11.4510  -10.9476  -10.8056  -10.6616  -10.6199  -10.2810   -3.1083   -2.9329
  -2.8530   -2.7159   -2.7055   -2.5269   -2.3947   -2.1168   -2.0388   -1.9191
  -1.8282   -1.5256   -1.1467   -0.9734   -0.8609   -0.2647   -0.0334    0.0598
   0.1836    0.4340    0.5303    0.6638    0.8070    0.9510    1.0541    1.1776
   1.2374    1.3205    1.3839    1.4522    1.5590    1.5752    1.6668    1.7720
   1.8367    1.8958    2.0389    2.0990    2.1849    2.2959    2.4162    2.4899
   2.5930    2.6255    2.7995    2.8177    2.8826    2.9528    3.0469    3.0800
   3.0988    3.1715    3.2004    3.2263    3.2625    3.3104    3.4779    3.6765
   3.8002    3.9063    3.9346    4.0937    4.2909    4.3732    4.4770    4.5325
   4.8865    4.9030    5.1822    7.1753

 Heat of formation   =        558.10288356 kcal/mol  (       24.20115709 eV)

 Total SCF energy    =    -194815.58554212 kcal/mol  (    -8447.83771485 eV)
 Electronic energy   =   -1563829.70092753 kcal/mol  (   -67812.74450057 eV)
 Core-core repulsion =    1369014.11538541 kcal/mol  (    59364.90678572 eV)
 
    Atomic Charges for Step       1 :
  Atom    Element       Mulliken Charge
     1      C                  0.022
     2      C                  0.064
     3      C                 -0.045
     4      C                  0.065
     5      C                  0.018
     6      C                 -0.718
     7      C                  0.438
     8      C                  0.160
     9      O                 -0.876
    10      S                  2.881
    11      N                  0.001
    12      C                 -0.478
    13      O                 -0.229
    14      O                 -0.211
    15      C                  0.093
    16      N                 -0.109
    17      C                  0.021
    18      C                 -0.037
    19      N                 -0.510
    20      C                 -0.048
    21      C                  0.404
    22      F                 -0.141
    23      F                 -0.182
    24      F                 -0.147
    25      S                  2.863
    26      O                 -0.882
    27      C                 -0.746
    28      C                 -0.081
    29      C                  0.151
    30      O                 -0.054
    31      C                  0.151
    32      C                 -0.220
    33      C                  0.163
    34      O                 -0.842
    35      C                  0.098
    36      C                  0.040
    37      C                 -0.063
    38      C                  0.029
    39      C                  0.076
    40      C                 -0.143
    41      C                  0.068
    42      O                 -0.141
    43      O                 -0.902
 Total Mulliken Charge =      -0.000
 
                  X        Y        Z     TOTAL  
  QM DIPOLE     1.542   -2.095    3.927    4.710
 
 Final Structure

  QMMM: QM Region Cartesian Coordinates (*=link atom) 
  QMMM: QM_NO.   MM_NO.  ATOM         X         Y         Z
  QMMM:     1        1      C      -10.7751  -26.1207  -10.0246
  QMMM:     2        2      C      -15.7426  -30.2459  -12.2775
  QMMM:     3        3      C      -11.1814  -27.3285   -9.6217
  QMMM:     4        4      C      -10.9350  -27.8076   -8.4319
  QMMM:     5        5      C      -10.2607  -27.1210   -7.5482
  QMMM:     6        6      C       -9.9742  -25.3051   -8.9790
  QMMM:     7        7      C      -11.8361  -21.0319   -8.5393
  QMMM:     8        8      C      -15.3624  -26.5000  -10.6427
  QMMM:     9        9      O       -8.4602  -23.8265  -10.4515
  QMMM:    10       10      S       -9.7497  -23.9783  -10.0059
  QMMM:    11       11      N      -11.0906  -24.9528  -12.2796
  QMMM:    12       12      C      -10.7097  -25.1099  -11.0774
  QMMM:    13       13      O      -11.6207  -21.6050   -7.5179
  QMMM:    14       14      O      -12.0704  -20.4324   -9.5392
  QMMM:    15       15      C      -11.8454  -25.9016  -13.0274
  QMMM:    16       16      N      -12.8268  -26.6307  -12.4554
  QMMM:    17       17      C      -13.6006  -27.4417  -13.2194
  QMMM:    18       18      C      -13.4114  -27.6187  -14.6167
  QMMM:    19       19      N      -14.2067  -28.5660  -15.3227
  QMMM:    20       20      C      -14.9472  -28.4706  -16.3839
  QMMM:    21       21      C      -15.2822  -27.2433  -17.2469
  QMMM:    22       22      F      -16.6021  -27.2539  -17.6212
  QMMM:    23       23      F      -15.1124  -25.9996  -16.6846
  QMMM:    24       24      F      -14.5790  -27.2018  -18.4231
  QMMM:    25       25      S      -14.2948  -30.1396  -14.5693
  QMMM:    26       26      O      -12.9950  -30.6040  -14.4300
  QMMM:    27       27      C      -14.8886  -29.5619  -13.0938
  QMMM:    28       28      C      -16.3176  -29.8891  -11.2091
  QMMM:    29       29      C      -16.1809  -28.6796  -10.6350
  QMMM:    30       30      O      -16.7118  -28.0309   -9.4955
  QMMM:    31       31      C      -16.2797  -26.7890   -9.4189
  QMMM:    32       32      C      -15.2865  -27.8054  -11.3766
  QMMM:    33       33      C      -14.6301  -28.2489  -12.5274
  QMMM:    34       34      O      -15.2192  -30.9885  -15.1438
  QMMM:    35       35      C      -12.3686  -26.9043  -15.2498
  QMMM:    36       36      C      -11.5449  -25.9868  -14.4248
  QMMM:    37       37      C      -10.5350  -25.3432  -15.1434
  QMMM:    38       38      C      -10.2738  -25.4707  -16.3718
  QMMM:    39       39      C      -11.0240  -26.3155  -17.1163
  QMMM:    40       40      C      -11.9751  -26.9610  -16.5942
  QMMM:    41       41      C       -9.8047  -25.9274   -7.8111
  QMMM:    42       42      O      -14.8970  -25.4132  -10.9369
  QMMM:    43       43      O      -10.4801  -22.8663   -9.6557

           --------- Calculation Completed ----------

